<?xml version="1.0" encoding="UTF-8"?>
<!-- Generated by org.testng.reporters.JUnitReportReporter -->
<testsuite hostname="DELLXPS" failures="0" tests="1" name="base.Work" time="0.007" errors="0" timestamp="2023-08-31T17:53:43 IST" skipped="0">
  <testcase classname="base.Work" name="Hello" time="0.007"/>
  <system-out/>
</testsuite> <!-- base.Work -->
